<?xml version="1.0" encoding="UTF-8"?>
<!-- Generated by org.testng.reporters.JUnitReportReporter -->
<testsuite hostname="DESKTOP-M38HEA9" failures="0" tests="4" name="org.testng.Assertsoft" time="2.065" errors="0" timestamp="16 Nov 2024 15:07:21 GMT" skipped="1">
  <testcase classname="org.testng.Assertsoft" name="test1" time="0.006"/>
  <testcase classname="org.testng.Assertsoft" name="test2" time="0.007"/>
  <testcase classname="org.testng.Assertsoft" name="test" time="2.052"/>
  <testcase classname="org.testng.Assertsoft" name="test3">
    <skipped/>
  </testcase> <!-- test3 -->
</testsuite> <!-- org.testng.Assertsoft -->
